2016/12/22 02:43:10 Reading config config.yaml
2016/12/22 02:43:16 Reading config config.yaml
2016/12/22 02:43:18 Reading config config.yaml
2016/12/22 02:45:00 Reading config config.yaml
2016/12/22 02:46:32 Reading config config.yaml
2016/12/22 09:36:43 Reading config config.yaml
2016/12/22 09:42:13 Reading config config.yaml
2016/12/22 10:01:47 Reading config config.yaml
2016/12/22 10:08:24 Reading config config.yaml
2016/12/22 10:09:08 Reading config config.yaml
2016/12/22 10:10:22 Reading config config.yaml
2016/12/22 10:10:22 Initializing database...
2016/12/22 10:10:22 Migration database...
2016/12/22 10:11:49 Reading config config.yaml
2016/12/22 10:11:49 Initializing database...
2016/12/22 10:11:49 Migration database...
2016/12/22 10:11:49 Starting server...
2016/12/22 10:14:43 Reading config config.yaml
2016/12/22 10:14:43 Initializing database...
2016/12/22 10:14:43 Migration database...
2016/12/22 10:14:43 Starting server...
2016/12/22 10:15:27 Reading config config.yaml
2016/12/22 10:15:27 Initializing database...
2016/12/22 10:15:27 Migration database...
2016/12/22 10:15:27 Starting server...
2016/12/22 10:15:52 Reading config config.yaml
2016/12/22 10:15:52 Initializing database...
2016/12/22 10:15:52 Migration database...
2016/12/22 10:15:52 Starting server...
2016/12/22 10:25:49 Reading config config.yaml
2016/12/22 10:25:49 Initializing database...
2016/12/22 10:25:49 Migration database...
2016/12/22 10:25:49 Starting server...
2016/12/22 10:30:01 Reading config config.yaml
2016/12/22 10:30:01 Initializing database...
2016/12/22 10:30:01 Migration database...
2016/12/22 10:30:01 Starting server...
2016/12/22 10:30:06 http: multiple response.WriteHeader calls
2016/12/22 10:37:08 Reading config config.yaml
2016/12/22 10:37:08 Initializing database...
2016/12/22 10:37:08 Migration database...
2016/12/22 10:37:08 Starting server...
2016/12/22 10:52:28 Reading config config.yaml
2016/12/22 10:52:28 Initializing database...
2016/12/22 10:52:28 Migration database...
2016/12/22 10:52:28 Starting server...
2016/12/22 10:55:50 http: multiple response.WriteHeader calls
